{"C:\\Users\\ricasoto\\Desktop\\FSO\\blog-list\\app.js": {"path":"C:\\Users\\ricasoto\\Desktop\\FSO\\blog-list\\app.js","statementMap":{"0":{"start":{"line":1,"column":15},"end":{"line":1,"column":40}},"1":{"start":{"line":2,"column":16},"end":{"line":2,"column":34}},"2":{"start":{"line":3,"column":17},"end":{"line":3,"column":36}},"3":{"start":{"line":4,"column":12},"end":{"line":4,"column":21}},"4":{"start":{"line":5,"column":13},"end":{"line":5,"column":28}},"5":{"start":{"line":6,"column":20},"end":{"line":6,"column":50}},"6":{"start":{"line":7,"column":19},"end":{"line":7,"column":48}},"7":{"start":{"line":8,"column":15},"end":{"line":8,"column":40}},"8":{"start":{"line":10,"column":0},"end":{"line":10,"column":34}},"9":{"start":{"line":12,"column":0},"end":{"line":12,"column":48}},"10":{"start":{"line":14,"column":0},"end":{"line":20,"column":4}},"11":{"start":{"line":16,"column":4},"end":{"line":16,"column":39}},"12":{"start":{"line":19,"column":4},"end":{"line":19,"column":64}},"13":{"start":{"line":23,"column":0},"end":{"line":23,"column":15}},"14":{"start":{"line":24,"column":0},"end":{"line":24,"column":23}},"15":{"start":{"line":25,"column":0},"end":{"line":25,"column":33}},"16":{"start":{"line":27,"column":0},"end":{"line":27,"column":34}},"17":{"start":{"line":29,"column":0},"end":{"line":29,"column":35}},"18":{"start":{"line":30,"column":0},"end":{"line":30,"column":32}},"19":{"start":{"line":32,"column":0},"end":{"line":32,"column":20}}},"fnMap":{"0":{"name":"(anonymous_0)","decl":{"start":{"line":15,"column":8},"end":{"line":15,"column":9}},"loc":{"start":{"line":15,"column":14},"end":{"line":17,"column":3}},"line":15},"1":{"name":"(anonymous_1)","decl":{"start":{"line":18,"column":9},"end":{"line":18,"column":10}},"loc":{"start":{"line":18,"column":20},"end":{"line":20,"column":3}},"line":18}},"branchMap":{},"s":{"0":1,"1":1,"2":1,"3":1,"4":1,"5":1,"6":1,"7":1,"8":1,"9":1,"10":1,"11":1,"12":0,"13":1,"14":1,"15":1,"16":1,"17":1,"18":1,"19":1},"f":{"0":1,"1":0},"b":{},"_coverageSchema":"1a1c01bbd47fc00a2c39e90264f33305004495a9","hash":"7770815cd6ce4b1a110dbfd36a5eab637ecf9a0c"}
,"C:\\Users\\ricasoto\\Desktop\\FSO\\blog-list\\controllers\\blogs.js": {"path":"C:\\Users\\ricasoto\\Desktop\\FSO\\blog-list\\controllers\\blogs.js","statementMap":{"0":{"start":{"line":1,"column":20},"end":{"line":1,"column":47}},"1":{"start":{"line":2,"column":13},"end":{"line":2,"column":38}},"2":{"start":{"line":4,"column":0},"end":{"line":12,"column":2}},"3":{"start":{"line":5,"column":2},"end":{"line":5,"column":53}},"4":{"start":{"line":6,"column":2},"end":{"line":11,"column":32}},"5":{"start":{"line":9,"column":6},"end":{"line":9,"column":26}},"6":{"start":{"line":11,"column":20},"end":{"line":11,"column":31}},"7":{"start":{"line":14,"column":0},"end":{"line":24,"column":2}},"8":{"start":{"line":15,"column":2},"end":{"line":23,"column":32}},"9":{"start":{"line":17,"column":6},"end":{"line":21,"column":7}},"10":{"start":{"line":18,"column":8},"end":{"line":18,"column":27}},"11":{"start":{"line":20,"column":8},"end":{"line":20,"column":34}},"12":{"start":{"line":23,"column":20},"end":{"line":23,"column":31}},"13":{"start":{"line":26,"column":0},"end":{"line":35,"column":2}},"14":{"start":{"line":27,"column":15},"end":{"line":27,"column":37}},"15":{"start":{"line":29,"column":2},"end":{"line":34,"column":32}},"16":{"start":{"line":32,"column":6},"end":{"line":32,"column":39}},"17":{"start":{"line":34,"column":20},"end":{"line":34,"column":31}},"18":{"start":{"line":37,"column":0},"end":{"line":49,"column":2}},"19":{"start":{"line":38,"column":15},"end":{"line":38,"column":27}},"20":{"start":{"line":40,"column":2},"end":{"line":48,"column":32}},"21":{"start":{"line":46,"column":6},"end":{"line":46,"column":32}},"22":{"start":{"line":48,"column":20},"end":{"line":48,"column":31}},"23":{"start":{"line":51,"column":0},"end":{"line":57,"column":2}},"24":{"start":{"line":52,"column":2},"end":{"line":56,"column":32}},"25":{"start":{"line":54,"column":6},"end":{"line":54,"column":32}},"26":{"start":{"line":56,"column":20},"end":{"line":56,"column":31}},"27":{"start":{"line":59,"column":0},"end":{"line":59,"column":28}}},"fnMap":{"0":{"name":"(anonymous_0)","decl":{"start":{"line":4,"column":21},"end":{"line":4,"column":22}},"loc":{"start":{"line":4,"column":50},"end":{"line":12,"column":1}},"line":4},"1":{"name":"(anonymous_1)","decl":{"start":{"line":8,"column":10},"end":{"line":8,"column":11}},"loc":{"start":{"line":8,"column":19},"end":{"line":10,"column":5}},"line":8},"2":{"name":"(anonymous_2)","decl":{"start":{"line":11,"column":11},"end":{"line":11,"column":12}},"loc":{"start":{"line":11,"column":20},"end":{"line":11,"column":31}},"line":11},"3":{"name":"(anonymous_3)","decl":{"start":{"line":14,"column":24},"end":{"line":14,"column":25}},"loc":{"start":{"line":14,"column":53},"end":{"line":24,"column":1}},"line":14},"4":{"name":"(anonymous_4)","decl":{"start":{"line":16,"column":10},"end":{"line":16,"column":11}},"loc":{"start":{"line":16,"column":18},"end":{"line":22,"column":5}},"line":16},"5":{"name":"(anonymous_5)","decl":{"start":{"line":23,"column":11},"end":{"line":23,"column":12}},"loc":{"start":{"line":23,"column":20},"end":{"line":23,"column":31}},"line":23},"6":{"name":"(anonymous_6)","decl":{"start":{"line":26,"column":22},"end":{"line":26,"column":23}},"loc":{"start":{"line":26,"column":51},"end":{"line":35,"column":1}},"line":26},"7":{"name":"(anonymous_7)","decl":{"start":{"line":31,"column":10},"end":{"line":31,"column":11}},"loc":{"start":{"line":31,"column":20},"end":{"line":33,"column":5}},"line":31},"8":{"name":"(anonymous_8)","decl":{"start":{"line":34,"column":11},"end":{"line":34,"column":12}},"loc":{"start":{"line":34,"column":20},"end":{"line":34,"column":31}},"line":34},"9":{"name":"(anonymous_9)","decl":{"start":{"line":37,"column":24},"end":{"line":37,"column":25}},"loc":{"start":{"line":37,"column":53},"end":{"line":49,"column":1}},"line":37},"10":{"name":"(anonymous_10)","decl":{"start":{"line":45,"column":10},"end":{"line":45,"column":11}},"loc":{"start":{"line":45,"column":25},"end":{"line":47,"column":5}},"line":45},"11":{"name":"(anonymous_11)","decl":{"start":{"line":48,"column":11},"end":{"line":48,"column":12}},"loc":{"start":{"line":48,"column":20},"end":{"line":48,"column":31}},"line":48},"12":{"name":"(anonymous_12)","decl":{"start":{"line":51,"column":27},"end":{"line":51,"column":28}},"loc":{"start":{"line":51,"column":56},"end":{"line":57,"column":1}},"line":51},"13":{"name":"(anonymous_13)","decl":{"start":{"line":53,"column":10},"end":{"line":53,"column":11}},"loc":{"start":{"line":53,"column":16},"end":{"line":55,"column":5}},"line":53},"14":{"name":"(anonymous_14)","decl":{"start":{"line":56,"column":11},"end":{"line":56,"column":12}},"loc":{"start":{"line":56,"column":20},"end":{"line":56,"column":31}},"line":56}},"branchMap":{"0":{"loc":{"start":{"line":17,"column":6},"end":{"line":21,"column":7}},"type":"if","locations":[{"start":{"line":17,"column":6},"end":{"line":21,"column":7}},{"start":{"line":19,"column":13},"end":{"line":21,"column":7}}],"line":17}},"s":{"0":1,"1":1,"2":1,"3":1,"4":1,"5":1,"6":0,"7":1,"8":0,"9":0,"10":0,"11":0,"12":0,"13":1,"14":0,"15":0,"16":0,"17":0,"18":1,"19":0,"20":0,"21":0,"22":0,"23":1,"24":0,"25":0,"26":0,"27":1},"f":{"0":1,"1":1,"2":0,"3":0,"4":0,"5":0,"6":0,"7":0,"8":0,"9":0,"10":0,"11":0,"12":0,"13":0,"14":0},"b":{"0":[0,0]},"_coverageSchema":"1a1c01bbd47fc00a2c39e90264f33305004495a9","hash":"b214303a2181c4fe2871e970c1eb05c31c0f9191"}
,"C:\\Users\\ricasoto\\Desktop\\FSO\\blog-list\\utils\\config.js": {"path":"C:\\Users\\ricasoto\\Desktop\\FSO\\blog-list\\utils\\config.js","statementMap":{"0":{"start":{"line":1,"column":0},"end":{"line":1,"column":26}},"1":{"start":{"line":3,"column":12},"end":{"line":3,"column":28}},"2":{"start":{"line":5,"column":19},"end":{"line":7,"column":27}},"3":{"start":{"line":10,"column":0},"end":{"line":13,"column":1}}},"fnMap":{},"branchMap":{"0":{"loc":{"start":{"line":5,"column":19},"end":{"line":7,"column":27}},"type":"cond-expr","locations":[{"start":{"line":6,"column":4},"end":{"line":6,"column":32}},{"start":{"line":7,"column":4},"end":{"line":7,"column":27}}],"line":5}},"s":{"0":1,"1":1,"2":1,"3":1},"f":{},"b":{"0":[1,0]},"_coverageSchema":"1a1c01bbd47fc00a2c39e90264f33305004495a9","hash":"1cf7441a6898fa86a0f3ed354371c3ef8ffe5f58"}
,"C:\\Users\\ricasoto\\Desktop\\FSO\\blog-list\\utils\\list_helper.js": {"path":"C:\\Users\\ricasoto\\Desktop\\FSO\\blog-list\\utils\\list_helper.js","statementMap":{"0":{"start":{"line":1,"column":14},"end":{"line":3,"column":1}},"1":{"start":{"line":2,"column":2},"end":{"line":2,"column":10}},"2":{"start":{"line":5,"column":19},"end":{"line":11,"column":1}},"3":{"start":{"line":6,"column":16},"end":{"line":8,"column":7}},"4":{"start":{"line":7,"column":4},"end":{"line":7,"column":42}},"5":{"start":{"line":10,"column":2},"end":{"line":10,"column":14}},"6":{"start":{"line":13,"column":21},"end":{"line":25,"column":1}},"7":{"start":{"line":14,"column":2},"end":{"line":14,"column":34}},"8":{"start":{"line":14,"column":25},"end":{"line":14,"column":34}},"9":{"start":{"line":16,"column":19},"end":{"line":22,"column":4}},"10":{"start":{"line":17,"column":4},"end":{"line":17,"column":80}},"11":{"start":{"line":17,"column":58},"end":{"line":17,"column":80}},"12":{"start":{"line":19,"column":4},"end":{"line":21,"column":23}},"13":{"start":{"line":24,"column":2},"end":{"line":24,"column":17}},"14":{"start":{"line":27,"column":0},"end":{"line":31,"column":1}}},"fnMap":{"0":{"name":"(anonymous_0)","decl":{"start":{"line":1,"column":14},"end":{"line":1,"column":15}},"loc":{"start":{"line":1,"column":20},"end":{"line":3,"column":1}},"line":1},"1":{"name":"(anonymous_1)","decl":{"start":{"line":5,"column":19},"end":{"line":5,"column":20}},"loc":{"start":{"line":5,"column":30},"end":{"line":11,"column":1}},"line":5},"2":{"name":"(anonymous_2)","decl":{"start":{"line":6,"column":29},"end":{"line":6,"column":30}},"loc":{"start":{"line":6,"column":59},"end":{"line":8,"column":3}},"line":6},"3":{"name":"(anonymous_3)","decl":{"start":{"line":13,"column":21},"end":{"line":13,"column":22}},"loc":{"start":{"line":13,"column":32},"end":{"line":25,"column":1}},"line":13},"4":{"name":"(anonymous_4)","decl":{"start":{"line":16,"column":32},"end":{"line":16,"column":33}},"loc":{"start":{"line":16,"column":66},"end":{"line":22,"column":3}},"line":16}},"branchMap":{"0":{"loc":{"start":{"line":14,"column":2},"end":{"line":14,"column":34}},"type":"if","locations":[{"start":{"line":14,"column":2},"end":{"line":14,"column":34}},{"start":{},"end":{}}],"line":14},"1":{"loc":{"start":{"line":17,"column":4},"end":{"line":17,"column":80}},"type":"if","locations":[{"start":{"line":17,"column":4},"end":{"line":17,"column":80}},{"start":{},"end":{}}],"line":17},"2":{"loc":{"start":{"line":17,"column":7},"end":{"line":17,"column":56}},"type":"binary-expr","locations":[{"start":{"line":17,"column":7},"end":{"line":17,"column":27}},{"start":{"line":17,"column":31},"end":{"line":17,"column":56}}],"line":17},"3":{"loc":{"start":{"line":19,"column":11},"end":{"line":21,"column":23}},"type":"cond-expr","locations":[{"start":{"line":20,"column":8},"end":{"line":20,"column":19}},{"start":{"line":21,"column":8},"end":{"line":21,"column":23}}],"line":19}},"s":{"0":1,"1":1,"2":1,"3":3,"4":4,"5":3,"6":1,"7":3,"8":1,"9":2,"10":2,"11":0,"12":2,"13":2,"14":1},"f":{"0":1,"1":3,"2":4,"3":3,"4":2},"b":{"0":[1,2],"1":[0,2],"2":[2,2],"3":[0,2]},"_coverageSchema":"1a1c01bbd47fc00a2c39e90264f33305004495a9","hash":"e5f0311048a765ed9c2a73e38b6c944becd664ef"}
}
